
[2024-12-12T01:05:27.641Z]
<h2 class="text-xl font-bold mb-4">Edit This Text</h2><p>This is a english language diagram generator -</p><h1>          Draw to make anything!sd</h1>

[2024-12-12T01:05:27.642Z]
<h2 class="text-xl font-bold mb-4">Edit This Text</h2><p>This is a english language diagram generator -</p><h1>          Draw to make anything!sdf</h1>

[2024-12-12T01:05:27.642Z]
<h2 class="text-xl font-bold mb-4">Edit This Text</h2><p>This is a english language diagram generator -</p><h1>          Draw to make anything!s</h1>

[2024-12-12T01:32:45.076Z]
<h2 class="text-xl font-bold mb-4">Edit This Text</h2><p>This is a english language diagram generator -</p><h1>          Draw to make anything!'</h1>

[2024-12-12T01:32:45.081Z]
<h2 class="text-xl font-bold mb-4">Edit This Text</h2><p>This is a english language diagram generator -</p><h1>          Draw to make anything!'</h1><div><br></div>

[2024-12-12T01:32:45.342Z]
<h2 class="text-xl font-bold mb-4">Edit This Text</h2><p>This is a english language diagram generator -</p><h1>          Draw to make anything!'</h1><div>a</div>

[2024-12-12T01:32:45.359Z]
<h2 class="text-xl font-bold mb-4">Edit This Text</h2><p>This is a english language diagram generator -</p><h1>          Draw to make anything!'</h1><div>as</div>

[2024-12-12T01:32:45.392Z]
<h2 class="text-xl font-bold mb-4">Edit This Text</h2><p>This is a english language diagram generator -</p><h1>          Draw to make anything!'</h1><div>asd</div>

[2024-12-12T01:32:45.461Z]
<h2 class="text-xl font-bold mb-4">Edit This Text</h2><p>This is a english language diagram generator -</p><h1>          Draw to make anything!'</h1><div>asdf</div>

[2024-12-12T01:32:45.598Z]
<h2 class="text-xl font-bold mb-4">Edit This Text</h2><p>This is a english language diagram generator -</p><h1>          Draw to make anything!'</h1><div>asdfa</div>

[2024-12-12T01:32:45.648Z]
<h2 class="text-xl font-bold mb-4">Edit This Text</h2><p>This is a english language diagram generator -</p><h1>          Draw to make anything!'</h1><div>asdfas</div>

[2024-12-12T01:32:45.679Z]
<h2 class="text-xl font-bold mb-4">Edit This Text</h2><p>This is a english language diagram generator -</p><h1>          Draw to make anything!'</h1><div>asdfasd</div>

[2024-12-12T01:32:45.711Z]
<h2 class="text-xl font-bold mb-4">Edit This Text</h2><p>This is a english language diagram generator -</p><h1>          Draw to make anything!'</h1><div>asdfasdf</div>

[2024-12-12T01:32:45.837Z]
<h2 class="text-xl font-bold mb-4">Edit This Text</h2><p>This is a english language diagram generator -</p><h1>          Draw to make anything!'</h1><div>asdfasdfa</div>

[2024-12-12T01:32:45.862Z]
<h2 class="text-xl font-bold mb-4">Edit This Text</h2><p>This is a english language diagram generator -</p><h1>          Draw to make anything!'</h1><div>asdfasdfas</div>

[2024-12-12T01:32:45.888Z]
<h2 class="text-xl font-bold mb-4">Edit This Text</h2><p>This is a english language diagram generator -</p><h1>          Draw to make anything!'</h1><div>asdfasdfasd</div>

[2024-12-12T01:32:45.963Z]
<h2 class="text-xl font-bold mb-4">Edit This Text</h2><p>This is a english language diagram generator -</p><h1>          Draw to make anything!'</h1><div>asdfasdfasdf</div>

[2024-12-12T01:32:46.059Z]
<h2 class="text-xl font-bold mb-4">Edit This Text</h2><p>This is a english language diagram generator -</p><h1>          Draw to make anything!'</h1><div>asdfasdfasdfa</div>

[2024-12-12T01:32:46.071Z]
<h2 class="text-xl font-bold mb-4">Edit This Text</h2><p>This is a english language diagram generator -</p><h1>          Draw to make anything!'</h1><div>asdfasdfasdfas</div>

[2024-12-12T01:32:46.081Z]
<h2 class="text-xl font-bold mb-4">Edit This Text</h2><p>This is a english language diagram generator -</p><h1>          Draw to make anything!'</h1><div>asdfasdfasdfasd</div>

[2024-12-12T01:32:46.146Z]
<h2 class="text-xl font-bold mb-4">Edit This Text</h2><p>This is a english language diagram generator -</p><h1>          Draw to make anything!'</h1><div>asdfasdfasdfasdf</div>

[2024-12-12T01:32:46.288Z]
<h2 class="text-xl font-bold mb-4">Edit This Text</h2><p>This is a english language diagram generator -</p><h1>          Draw to make anything!'</h1><div>asdfasdfasdfasdfa</div>

[2024-12-12T01:32:46.296Z]
<h2 class="text-xl font-bold mb-4">Edit This Text</h2><p>This is a english language diagram generator -</p><h1>          Draw to make anything!'</h1><div>asdfasdfasdfasdfas</div>

[2024-12-12T01:32:46.300Z]
<h2 class="text-xl font-bold mb-4">Edit This Text</h2><p>This is a english language diagram generator -</p><h1>          Draw to make anything!'</h1><div>asdfasdfasdfasdfasd</div>

[2024-12-12T01:32:46.366Z]
<h2 class="text-xl font-bold mb-4">Edit This Text</h2><p>This is a english language diagram generator -</p><h1>          Draw to make anything!'</h1><div>asdfasdfasdfasdfasdf</div>

[2024-12-12T01:32:46.523Z]
<h2 class="text-xl font-bold mb-4">Edit This Text</h2><p>This is a english language diagram generator -</p><h1>          Draw to make anything!'</h1><div>asdfasdfasdfasdfasdfa</div>

[2024-12-12T01:32:46.527Z]
<h2 class="text-xl font-bold mb-4">Edit This Text</h2><p>This is a english language diagram generator -</p><h1>          Draw to make anything!'</h1><div>asdfasdfasdfasdfasdfas</div>

[2024-12-12T01:32:46.603Z]
<h2 class="text-xl font-bold mb-4">Edit This Text</h2><p>This is a english language diagram generator -</p><h1>          Draw to make anything!'</h1><div>asdfasdfasdfasdfasdfasf</div>

[2024-12-12T01:32:46.748Z]
<h2 class="text-xl font-bold mb-4">Edit This Text</h2><p>This is a english language diagram generator -</p><h1>          Draw to make anything!'</h1><div>asdfasdfasdfasdfasdfasfs</div>

[2024-12-12T01:32:46.752Z]
<h2 class="text-xl font-bold mb-4">Edit This Text</h2><p>This is a english language diagram generator -</p><h1>          Draw to make anything!'</h1><div>asdfasdfasdfasdfasdfasfsd</div>

[2024-12-12T01:32:46.835Z]
<h2 class="text-xl font-bold mb-4">Edit This Text</h2><p>This is a english language diagram generator -</p><h1>          Draw to make anything!'</h1><div>asdfasdfasdfasdfasdfasfsdf</div>

[2024-12-12T03:01:00.928Z]
<h2 class="text-xl font-bold mb-4">Edit This Text</h2><p>This is a english language diagram generator -</p><h1>          Draw to make anything!&nbsp;&nbsp;</h1>

[2024-12-12T03:01:00.932Z]
<h2 class="text-xl font-bold mb-4">Edit This Text</h2><p>This is a english language diagram generator -</p><h1>          Draw to make anything!&nbsp; &nbsp;</h1>

[2024-12-12T03:01:00.933Z]
<h2 class="text-xl font-bold mb-4">Edit This Text</h2><p>This is a english language diagram generator -</p><h1>          Draw to make anything!&nbsp;</h1>

[2024-12-12T14:54:53.446Z]
<h2 class="text-xl font-bold mb-4">Edit This Text</h2><p>This is a english language diagram generator -</p><h1>          Draw to make anything!</h1>

[2024-12-12T14:54:53.447Z]
<h2 class="text-xl font-bold mb-4">Edit This Text</h2><p>This is a english language diagram generator -</p><h1>          Draw to make anything!</h1>

[2024-12-12T14:54:54.891Z]
<h2 class="text-xl font-bold mb-4"><br></h2>

[2024-12-12T19:19:08.489Z]
<br>
